<?xml version="1.0" encoding="UTF-8"?>
<!-- Generated by org.testng.reporters.JUnitReportReporter -->
<testsuite hostname="DESKTOP-QOMIE78" failures="0" tests="1" name="genericfunctions.Excercise3" time="20.020" errors="0" timestamp="2021-05-09T20:33:14 CAT" skipped="0">
  <testcase classname="genericfunctions.Excercise3" name="Test" time="20.020"/>
  <system-out/>
</testsuite> <!-- genericfunctions.Excercise3 -->
