<?xml version="1.0" encoding="UTF-8"?>
<!-- Generated by org.testng.reporters.JUnitReportReporter -->
<testsuite hostname="DESKTOP-QOMIE78" failures="0" tests="1" name="API.WebService" time="5.382" errors="0" timestamp="2021-03-15T23:20:47 CAT" skipped="0">
  <testcase classname="API.WebService" name="GetWeatherDetails" time="5.382"/>
  <system-out/>
</testsuite> <!-- API.WebService -->
