<?xml version="1.0" encoding="UTF-8"?>
<!-- Generated by org.testng.reporters.JUnitReportReporter -->
<testsuite hostname="DESKTOP-QOMIE78" failures="0" tests="1" name="genericfunctions.Excer1" time="13.619" errors="0" timestamp="2021-05-10T19:09:49 CAT" skipped="0">
  <testcase classname="genericfunctions.Excer1" name="Test" time="13.619"/>
  <system-out/>
</testsuite> <!-- genericfunctions.Excer1 -->
