<?xml version="1.0" encoding="UTF-8"?>
<!-- Generated by org.testng.reporters.JUnitReportReporter -->
<testsuite hostname="DESKTOP-QOMIE78" failures="0" tests="1" name="genericfunctions.DemoToursModularFunctions" time="74.037" errors="0" timestamp="2021-05-09T18:49:27 CAT" skipped="0">
  <testcase classname="genericfunctions.DemoToursModularFunctions" name="main" time="74.037"/>
  <system-out/>
</testsuite> <!-- genericfunctions.DemoToursModularFunctions -->
