<?xml version="1.0" encoding="UTF-8"?>
<!-- Generated by org.testng.reporters.JUnitReportReporter -->
<testsuite hostname="DESKTOP-QOMIE78" failures="0" tests="1" name="genericfunctions.Rest_API" time="27.416" errors="0" timestamp="2021-05-25T11:14:22 CAT" skipped="0">
  <testcase classname="genericfunctions.Rest_API" name="GetAPI" time="27.416"/>
  <system-out/>
</testsuite> <!-- genericfunctions.Rest_API -->
